<?xml version="1.0" encoding="UTF-8"?>
<!-- Generated by org.testng.reporters.JUnitXMLReporter -->
<testsuite ignored="0" hostname="LAPTOP-MKQO7339" failures="0" tests="6" name="Surefire test" time="5.705" errors="0" timestamp="2020-03-21T12:17:28 ART">
  <testcase classname="com.fertavora.testing.tests.SwapiFilmsTests" name="checkContentType" time="0.002"/>
  <testcase classname="com.fertavora.testing.tests.SwapiFilmsTests" name="checkResponseTime" time="0.0"/>
  <testcase classname="com.fertavora.testing.tests.SwapiFilmsTests" name="checkStatusCode" time="0.0"/>
  <testcase classname="com.fertavora.testing.tests.SwapiPeopleTests" name="requestPeopleById_checkResponseTimeAndValues" time="1.384"/>
  <testcase classname="com.fertavora.testing.tests.SwapiPeopleTests" name="requestPeopleById_checkResponseTimeAndValues" time="1.176"/>
  <testcase classname="com.fertavora.testing.tests.SwapiPeopleTests" name="requestPeopleById_checkResponseTimeAndValues" time="0.924"/>
</testsuite> <!-- Surefire test -->
