<?xml version="1.0" encoding="UTF-8"?>
<testsuite xmlns:xsi="http://www.w3.org/2001/XMLSchema-instance" xsi:noNamespaceSchemaLocation="https://maven.apache.org/surefire/maven-surefire-plugin/xsd/surefire-test-report.xsd" name="TestSuite" time="6.808" tests="6" errors="0" skipped="0" failures="0">
  <properties>
[...]
</properties>
  <testcase name="checkContentType" classname="com.fertavora.testing.tests.SwapiFilmsTests" time="0.003"/>
  <testcase name="checkResponseTime" classname="com.fertavora.testing.tests.SwapiFilmsTests" time="0"/>
  <testcase name="checkStatusCode" classname="com.fertavora.testing.tests.SwapiFilmsTests" time="0"/>
  <testcase name="requestPeopleById_checkResponseTimeAndValues" classname="com.fertavora.testing.tests.SwapiPeopleTests" time="1.385"/>
  <testcase name="requestPeopleById_checkResponseTimeAndValues" classname="com.fertavora.testing.tests.SwapiPeopleTests" time="1.176"/>
  <testcase name="requestPeopleById_checkResponseTimeAndValues" classname="com.fertavora.testing.tests.SwapiPeopleTests" time="0.924"/>
</testsuite>