<?xml version="1.0" encoding="UTF-8"?>
<testsuite xmlns:xsi="http://www.w3.org/2001/XMLSchema-instance" xsi:noNamespaceSchemaLocation="https://maven.apache.org/surefire/maven-surefire-plugin/xsd/surefire-test-report.xsd" name="TestSuite" time="0.569" tests="2" errors="0" skipped="0" failures="1">
  <properties>
[...]
</properties>
  <testcase name="dummyTest" classname="com.fertavora.testing.tests.TestngHook" time="0.004"/>
  <testcase name="failTest" classname="com.fertavora.testing.tests.TestngHook" time="0.005">
    <failure message="I am the test that MUST fail. expected [true] but found [false]" type="java.lang.AssertionError">java.lang.AssertionError: I am the test that MUST fail. expected [true] but found [false]
	at com.fertavora.testing.tests.TestngHook.failTest(TestngHook.java:45)
</failure>
    <system-out><![CDATA[>>> After Method
>>> Before Method
]]></system-out>
  </testcase>
</testsuite>